"../../../../../Users/felix/Documents/GitHub/Informatikprojekt/InformatikProjekt/Content/Informatikprojekt/StarterContent/Audio/Explosion01.uasset" 0
"../../../../../Users/felix/Documents/GitHub/Informatikprojekt/InformatikProjekt/Content/Informatikprojekt/StarterContent/Audio/Explosion02.uasset" 1
"../../../Engine/Content/Animation/DefaultAnimCurveCompressionSettings.uasset" 2
"../../../Engine/Content/Functions/Engine_MaterialFunctions01/Opacity/CameraDepthFade.uasset" 3
"../../../Engine/Content/EngineMaterials/T_Default_Material_Grid_M.uasset" 4
"../../../Engine/Content/EngineMaterials/T_Default_Material_Grid_N.uasset" 5
"../../../Engine/Content/EngineMaterials/WorldGridMaterial.uasset" 6
"../../../Engine/Content/ArtTools/RenderToTexture/Meshes/S_1_Unit_Plane.uasset" 7
"../../../Engine/Content/EngineMaterials/DefaultMaterial.uasset" 8
"../../../Engine/Content/BasicShapes/Cone.uasset" 9
"../../../Engine/Content/BasicShapes/Cube.uasset" 10
"../../../Engine/Content/BasicShapes/Plane.uasset" 11
"../../../Engine/Content/EditorLandscapeResources/DataLayer.uasset" 12
"../../../Engine/Content/EditorMaterials/MAT_Groups_Toggle.uasset" 13
"../../../Engine/Content/EditorMaterials/MAT_Groups_Visibility.uasset" 14
"../../../Engine/Content/EditorMaterials/PreviewShadowIndicator.uasset" 15
"../../../Engine/Content/EditorMaterials/PreviewShadowIndicatorMaterial.uasset" 16
"../../../Engine/Content/EditorMaterials/MatineeGroups/MAT_ColorTrack.uasset" 17
"../../../Engine/Content/EditorMaterials/MatineeGroups/MAT_Groups_Anim.uasset" 18
"../../../Engine/Content/EditorMaterials/MatineeGroups/MAT_Groups_AudioMaster.uasset" 19
"../../../Engine/Content/EditorMaterials/MatineeGroups/MAT_Groups_Director.uasset" 20
"../../../Engine/Content/EditorMaterials/MatineeGroups/MAT_Groups_Event.uasset" 21
"../../../Engine/Content/EditorMaterials/MatineeGroups/MAT_Groups_Fade.uasset" 22
"../../../Engine/Content/EditorMaterials/MatineeGroups/MAT_Groups_Float.uasset" 23
"../../../Engine/Content/EditorMaterials/MatineeGroups/MAT_Groups_Move.uasset" 24
"../../../Engine/Content/EditorMaterials/MatineeGroups/MAT_Groups_Slomo.uasset" 25
"../../../Engine/Content/EditorMaterials/MatineeGroups/MAT_Groups_Sound.uasset" 26
"../../../Engine/Content/EditorMaterials/MatineeGroups/MAT_Groups_Vector.uasset" 27
"../../../Engine/Content/EditorMaterials/ParticleSystems/PSysThumbnail_NoImage.uasset" 28
"../../../Engine/Content/EditorMaterials/ParticleSystems/PSysThumbnail_OOD.uasset" 29
"../../../Engine/Content/EditorMaterials/Camera/CineMat.uasset" 30
"../../../Engine/Content/EditorMaterials/Camera/MI_CineMat_Rig.uasset" 31
"../../../Engine/Content/EditorMeshes/Camera/SM_CraneRig_Arm.uasset" 32
"../../../Engine/Content/EditorMeshes/Camera/SM_CraneRig_Base.uasset" 33
"../../../Engine/Content/EditorMeshes/Camera/SM_CraneRig_Body.uasset" 34
"../../../Engine/Content/EditorMeshes/Camera/SM_CraneRig_Mount.uasset" 35
"../../../Engine/Content/EditorMeshes/Camera/SM_RailRig_Mount.uasset" 36
"../../../Engine/Content/EditorMeshes/Camera/SM_RailRig_Track.uasset" 37
"../../../Engine/Content/EditorResources/BSPVertex.uasset" 38
"../../../Engine/Content/EditorResources/EmptyActor.uasset" 39
"../../../Engine/Content/EditorResources/S_Actor.uasset" 40
"../../../Engine/Content/EditorResources/S_Note.uasset" 41
"../../../Engine/Content/EditorResources/S_Solver.uasset" 42
"../../../Engine/Content/EditorResources/S_Trigger.uasset" 43
"../../../Engine/Content/EditorResources/AudioIcons/S_AudioComponent_AutoActivate.uasset" 44
"../../../Engine/Content/EditorResources/LightIcons/S_LightError.uasset" 45
"../../../Engine/Content/EditorResources/SequenceRecorder/Countdown.uasset" 46
"../../../Engine/Content/EditorResources/SequenceRecorder/RecordingIndicator.uasset" 47
"../../../Engine/Content/EditorSounds/Notifications/CompileFailed.uasset" 48
"../../../Engine/Content/EditorSounds/Notifications/CompileFailed_Cue.uasset" 49
"../../../Engine/Content/EditorSounds/Notifications/CompileSuccess.uasset" 50
"../../../Engine/Content/EditorSounds/Notifications/CompileStart_Cue.uasset" 51
"../../../Engine/Content/EditorSounds/Notifications/CompileSuccess_Cue.uasset" 52
"../../../Engine/Content/EngineDamageTypes/DmgTypeBP_Environmental.uasset" 53
"../../../Engine/Content/EngineDebugMaterials/DebugEditorMaterial.uasset" 54
"../../../Engine/Content/EngineDebugMaterials/DebugMeshMaterial.uasset" 55
"../../../Engine/Content/EngineDebugMaterials/M_SimpleUnlitTranslucent.uasset" 56
"../../../Engine/Content/Functions/Engine_MaterialFunctions02/Utility/CameraDirectionVector.uasset" 57
"../../../Engine/Content/EngineDebugMaterials/VolumeToRender.uasset" 58
"../../../Engine/Content/EngineDebugMaterials/M_VolumeRenderSphereTracePP.uasset" 59
"../../../Engine/Content/EngineDebugMaterials/WireframeMaterial.uasset" 60
"../../../Engine/Content/EngineFonts/Faces/DroidSansFallback.uasset" 61
"../../../Engine/Content/EngineFonts/Faces/RobotoBold.uasset" 62
"../../../Engine/Content/EngineFonts/Faces/RobotoBoldItalic.uasset" 63
"../../../Engine/Content/EngineFonts/Faces/RobotoItalic.uasset" 64
"../../../Engine/Content/EngineFonts/Faces/RobotoLight.uasset" 65
"../../../Engine/Content/EngineFonts/Faces/RobotoRegular.uasset" 66
"../../../Engine/Content/EngineFonts/Roboto.uasset" 67
"../../../Engine/Content/EngineMaterials/BaseFlattenDiffuseMap.uasset" 68
"../../../Engine/Content/EngineMaterials/BaseFlattenEmissiveMap.uasset" 69
"../../../Engine/Content/EngineMaterials/BaseFlattenGrayscaleMap.uasset" 70
"../../../Engine/Content/EngineMaterials/BaseFlattenNormalMap.uasset" 71
"../../../Engine/Content/EngineMaterials/BaseFlattenMaterial.uasset" 72
"../../../Engine/Content/EngineMaterials/BlueNoise.uasset" 73
"../../../Engine/Content/EngineMaterials/DefaultBloomKernel.uasset" 74
"../../../Engine/Content/EngineMaterials/DefaultBokeh.uasset" 75
"../../../Engine/Content/EngineMaterials/DefaultDiffuse.uasset" 76
"../../../Engine/Content/EngineMaterials/DefaultDeferredDecalMaterial.uasset" 77
"../../../Engine/Content/EngineMaterials/DefaultLightFunctionMaterial.uasset" 78
"../../../Engine/Content/Functions/Engine_MaterialFunctions02/Utility/BreakOutFloat2Components.uasset" 79
"../../../Engine/Content/EngineMaterials/DefaultPostProcessMaterial.uasset" 80
"../../../Engine/Content/EngineFonts/RobotoDistanceField.uasset" 81
"../../../Engine/Content/EngineMaterials/DefaultTextMaterialOpaque.uasset" 82
"../../../Engine/Content/EngineMaterials/DefaultWhiteGrid.uasset" 83
"../../../Engine/Content/EngineMaterials/DefaultWhiteGrid_Low.uasset" 84
"../../../Engine/Content/EngineMaterials/EmissiveMeshMaterial.uasset" 85
"../../../Engine/Content/EngineMaterials/GizmoMaterial.uasset" 86
"../../../Engine/Content/EngineMaterials/Good64x64TilingNoiseHighFreq.uasset" 87
"../../../Engine/Content/EngineMaterials/MiniFont.uasset" 88
"../../../Engine/Content/EngineMaterials/InvalidLightmapSettings.uasset" 89
"../../../Engine/Content/EngineMaterials/M_InvalidLightmapSettings.uasset" 90
"../../../Engine/Content/Functions/Engine_MaterialFunctions02/WorldPositionOffset/CameraOffset.uasset" 91
"../../../Engine/Content/EngineMaterials/PhAT_JointLimitMaterial.uasset" 92
"../../../Engine/Content/EngineMaterials/PreintegratedSkinBRDF.uasset" 93
"../../../Engine/Content/EngineMaterials/RemoveSurfaceMaterial.uasset" 94
"../../../Engine/Content/EngineResources/WhiteSquareTexture.uasset" 95
"../../../Engine/Content/EngineMaterials/Widget3DPassThrough.uasset" 96
"../../../Engine/Content/EngineMaterials/Widget3DPassThrough_Masked.uasset" 97
"../../../Engine/Content/EngineMaterials/Widget3DPassThrough_Opaque.uasset" 98
"../../../Engine/Content/EngineMaterials/Widget3DPassThrough_Masked_OneSided.uasset" 99
"../../../Engine/Content/EngineMaterials/Widget3DPassThrough_Opaque_OneSided.uasset" 100
"../../../Engine/Content/EngineMaterials/Widget3DPassThrough_Translucent.uasset" 101
"../../../Engine/Content/EngineMaterials/Widget3DPassThrough_Translucent_OneSided.uasset" 102
"../../../Engine/Content/EngineMeshes/Cylinder.uasset" 103
"../../../Engine/Content/EngineMeshes/Sphere.uasset" 104
"../../../Engine/Content/EngineResources/Black.uasset" 105
"../../../Engine/Content/EngineResources/DefaultTexture.uasset" 106
"../../../Engine/Content/EngineResources/DefaultTextureCube.uasset" 107
"../../../Engine/Content/EngineResources/DefaultVolumeTexture2D.uasset" 108
"../../../Engine/Content/EngineResources/DefaultVolumeTexture.uasset" 109
"../../../Engine/Content/EngineResources/GradientTexture0.uasset" 110
"../../../Engine/Content/EngineSounds/Master.uasset" 111
"../../../Engine/Content/Functions/Engine_MaterialFunctions01/Shading/ConvertFromDiffSpec.uasset" 112
"../../../Engine/Content/Functions/Engine_MaterialFunctions01/Shading/PowerToRoughness.uasset" 113
"../../../Engine/Content/Maps/Templates/Thumbnails/Default.uasset" 114
"../../../Engine/Content/Maps/Templates/Thumbnails/TimeOfDay.uasset" 115
"../../../Engine/Content/Maps/Templates/Thumbnails/VR-Basic.uasset" 116
"../../../Engine/Content/MobileResources/T_MobileControls_texture.uasset" 117
"../../../Engine/Content/MobileResources/T_MobileMenu2.uasset" 118
"../../../Engine/Content/MobileResources/HUD/AnalogHat.uasset" 119
"../../../Engine/Content/MobileResources/HUD/VirtualJoystick_Background.uasset" 120
"../../../Engine/Content/MobileResources/HUD/VirtualJoystick_Thumb.uasset" 121
"../../../Engine/Content/MobileResources/HUD/DefaultVirtualJoysticks.uasset" 122
"../../../Engine/Content/MobileResources/HUD/LeftVirtualJoystickOnly.uasset" 123
"../../../Engine/Content/MobileResources/HUD/MobileHUDButton1_off.uasset" 124
"../../../Engine/Content/MobileResources/HUD/MobileHUDButton1_on.uasset" 125
"../../../Engine/Content/MobileResources/HUD/MobileHUDButton2_off.uasset" 126
"../../../Engine/Content/MobileResources/HUD/MobileHUDButton2_on.uasset" 127
"../../../Engine/Content/MobileResources/HUD/MobileHUDButton3.uasset" 128
"../../../Engine/Content/MobileResources/HUD/MobileHUDButtonFire.uasset" 129
"../../../Engine/Content/MobileResources/HUD/MobileHUDDirectionPad.uasset" 130
"../../../Engine/Content/MobileResources/HUD/MobileHUDDirectionPad2.uasset" 131
"../../../Engine/Content/MobileResources/HUD/MobileHUDDirectionPad3.uasset" 132
"../../../Engine/Content/MobileResources/HUD/MobileHUDDirectionStick.uasset" 133
"../../../Engine/Content/MobileResources/HUD/T_Castle_ThumbstickInner.uasset" 134
"../../../Engine/Content/MobileResources/HUD/T_Castle_ThumbstickOutter.uasset" 135
"../../../Engine/Content/Tutorial/ContentIntroCurve.uasset" 136
"../../../Engine/Content/Tutorial/Basics/LevelEditorAttract.uasset" 137
"../../../Engine/Content/Tutorial/Basics/TutorialAssets/icon_tab_Levels_40x.uasset" 138
"../../../Engine/Content/Tutorial/Basics/LevelEditorOverview.uasset" 139
"../../../Engine/Content/Tutorial/BlueprintTutorials/TutorialAssets/Blueprint_64x.uasset" 140
"../../../Engine/Content/Tutorial/BlueprintTutorials/BlueprintEditorTutorial.uasset" 141
"../../../Engine/Content/Tutorial/InWorldBlueprintEditing/IWBE_Tutorial.uasset" 142
"../../../Engine/Content/Tutorial/InWorldBlueprintEditing/IWBE_Tutorial_Part2.uasset" 143
"../../../Engine/Content/Tutorial/InWorldBlueprintEditing/IWBE_Tutorial_Part3.uasset" 144
"../../../Engine/Content/VREditor/LaserPointer/VR_LaserPower_01.uasset" 145
"../../../Engine/Content/VREditor/TransformGizmo/TransformGizmoMaterial.uasset" 146
"../../../Engine/Content/VREditor/TransformGizmo/TranslucentTransformGizmoMaterial.uasset" 147
"../../../Engine/Content/VREditor/TransformGizmo/BoundingBoxCorner.uasset" 148
"../../../Engine/Content/VREditor/TransformGizmo/BoundingBoxEdge.uasset" 149
"../../../Engine/Content/VREditor/TransformGizmo/PlaneTranslationHandle.uasset" 150
"../../../Engine/Content/VREditor/TransformGizmo/Main.uasset" 151
"../../../Engine/Content/VREditor/TransformGizmo/Xray.uasset" 152
"../../../Engine/Content/VREditor/TransformGizmo/SM_Sequencer_Key.uasset" 153
"../../../Engine/Content/VREditor/TransformGizmo/SM_Sequencer_Node.uasset" 154
"../../Plugins/2D/Paper2D/Content/PlaceholderTextures/DummySpriteTexture.uasset" 155
"../../Plugins/2D/Paper2D/Content/DummySprite.uasset" 156
"../../Plugins/2D/Paper2D/Content/DefaultPaperTerrainMaterial.uasset" 157
"../../Plugins/2D/Paper2D/Content/DefaultSpriteMaterial.uasset" 158
"../../Plugins/2D/Paper2D/Content/MaskedUnlitSpriteMaterial.uasset" 159
"../../Plugins/2D/Paper2D/Content/OpaqueUnlitSpriteMaterial.uasset" 160
"../../Plugins/FX/Niagara/Content/Enums/ENiagaraBooleanLogicOps.uasset" 161
"../../Plugins/FX/Niagara/Content/Enums/ENiagaraCoordinateSpace.uasset" 162
"../../Plugins/FX/Niagara/Content/Enums/ENiagaraExpansionMode.uasset" 163
"../../Plugins/FX/Niagara/Content/Enums/ENiagaraOrientationAxis.uasset" 164
"../../Plugins/FX/Niagara/Content/Enums/ENiagaraRandomnessMode.uasset" 165
"../../../Engine/Content/Functions/Engine_MaterialFunctions02/Utility/BreakOutFloat4Components.uasset" 166
"../../../Engine/Content/Functions/Engine_MaterialFunctions02/Utility/MakeFloat2.uasset" 167
"../../../Engine/Content/Functions/Engine_MaterialFunctions02/Utility/MakeFloat3.uasset" 168
"../../Plugins/Runtime/Oculus/OculusVR/Content/Materials/OculusMR_ChromaKey.uasset" 169
"../../Plugins/Runtime/Oculus/OculusVR/Content/Materials/OculusMR_ChromaKey_Lit.uasset" 170
"../../Plugins/Runtime/Oculus/OculusVR/Content/Materials/OculusMR_OpaqueColoredMaterial.uasset" 171
"../../Plugins/Runtime/Oculus/OculusVR/Content/Materials/OculusMR_WhiteMaterial.uasset" 172
"../../../Engine/Content/EditorBlueprintResources/StandardMacros.uasset" 173
"../../../Engine/Content/EngineSky/C_Sky_Cloud_Color.uasset" 174
"../../../Engine/Content/EngineSky/C_Sky_Horizon_Color.uasset" 175
"../../../Engine/Content/EngineSky/C_Sky_Zenith_Color.uasset" 176
"../../../Engine/Content/EngineSky/T_Sky_Blue.uasset" 177
"../../../Engine/Content/EngineSky/T_Sky_Clouds_M.uasset" 178
"../../../Engine/Content/EngineSky/T_Sky_Stars.uasset" 179
"../../../Engine/Content/EngineSky/M_Sky_Panning_Clouds2.uasset" 180
"../../../Engine/Content/EngineSky/SM_SkySphere.uasset" 181
"../../../Engine/Content/EngineSky/BP_Sky_Sphere.uasset" 182
"../../../../../Users/felix/Documents/GitHub/Informatikprojekt/InformatikProjekt/Content/Informatikprojekt/ArtAssets/FirstPerson/Textures/FirstPersonCrosshair.uasset" 183
"../../../../../Users/felix/Documents/GitHub/Informatikprojekt/InformatikProjekt/Content/Informatikprojekt/HudElements/InGame/FirstPersonHUD.uasset" 184
"../../../Engine/Content/Animation/DefaultAnimBoneCompressionSettings.uasset" 185
"../../../../../Users/felix/Documents/GitHub/Informatikprojekt/InformatikProjekt/Content/Informatikprojekt/ArtAssets/FirstPerson/Character/Mesh/SK_Mannequin_Arms_Skeleton.uasset" 186
"../../../../../Users/felix/Documents/GitHub/Informatikprojekt/InformatikProjekt/Content/Informatikprojekt/ArtAssets/FirstPerson/Animations/FirstPerson_Idle.uasset" 187
"../../../../../Users/felix/Documents/GitHub/Informatikprojekt/InformatikProjekt/Content/Informatikprojekt/ArtAssets/FirstPerson/Animations/FirstPerson_JumpEnd.uasset" 188
"../../../../../Users/felix/Documents/GitHub/Informatikprojekt/InformatikProjekt/Content/Informatikprojekt/ArtAssets/FirstPerson/Animations/FirstPerson_JumpLoop.uasset" 189
"../../../../../Users/felix/Documents/GitHub/Informatikprojekt/InformatikProjekt/Content/Informatikprojekt/ArtAssets/FirstPerson/Animations/FirstPerson_JumpStart.uasset" 190
"../../../../../Users/felix/Documents/GitHub/Informatikprojekt/InformatikProjekt/Content/Informatikprojekt/ArtAssets/FirstPerson/Animations/FirstPerson_Run.uasset" 191
"../../../../../Users/felix/Documents/GitHub/Informatikprojekt/InformatikProjekt/Content/Informatikprojekt/ArtAssets/FirstPerson/Animations/FirstPerson_AnimBP.uasset" 192
"../../../../../Users/felix/Documents/GitHub/Informatikprojekt/InformatikProjekt/Content/Informatikprojekt/ArtAssets/FirstPerson/Animations/FirstPerson_Fire.uasset" 193
"../../../../../Users/felix/Documents/GitHub/Informatikprojekt/InformatikProjekt/Content/Informatikprojekt/ArtAssets/FirstPerson/Animations/FirstPersonFire_Montage.uasset" 194
"../../../../../Users/felix/Documents/GitHub/Informatikprojekt/InformatikProjekt/Content/Informatikprojekt/ArtAssets/GrenadeLauncher/Material_002.uasset" 195
"../../../../../Users/felix/Documents/GitHub/Informatikprojekt/InformatikProjekt/Content/Informatikprojekt/ArtAssets/GrenadeLauncher/Metal_001.uasset" 196
"../../../../../Users/felix/Documents/GitHub/Informatikprojekt/InformatikProjekt/Content/Informatikprojekt/ArtAssets/GrenadeLauncher/Wood_001.uasset" 197
"../../../../../Users/felix/Documents/GitHub/Informatikprojekt/InformatikProjekt/Content/Informatikprojekt/ArtAssets/GrenadeLauncher/GLmodel.uasset" 198
"../../../../../Users/felix/Documents/GitHub/Informatikprojekt/InformatikProjekt/Content/Informatikprojekt/PlayerAssets/DroppedWeapon.uasset" 199
"../../../../../Users/felix/Documents/GitHub/Informatikprojekt/InformatikProjekt/Content/Informatikprojekt/StarterContent/Audio/Explosion_Cue.uasset" 200
"../../../../../Users/felix/Documents/GitHub/Informatikprojekt/InformatikProjekt/Content/Informatikprojekt/StarterContent/Textures/T_Burst_M.uasset" 201
"../../../../../Users/felix/Documents/GitHub/Informatikprojekt/InformatikProjekt/Content/Informatikprojekt/StarterContent/Particles/Materials/M_Burst.uasset" 202
"../../../../../Users/felix/Documents/GitHub/Informatikprojekt/InformatikProjekt/Content/Informatikprojekt/StarterContent/Textures/T_Explosion_SubUV.uasset" 203
"../../../../../Users/felix/Documents/GitHub/Informatikprojekt/InformatikProjekt/Content/Informatikprojekt/StarterContent/Particles/Materials/M_explosion_subUV.uasset" 204
"../../../../../Users/felix/Documents/GitHub/Informatikprojekt/InformatikProjekt/Content/Informatikprojekt/StarterContent/Particles/Materials/m_flare_01.uasset" 205
"../../../Engine/Content/Functions/Engine_MaterialFunctions01/Gradient/RadialGradient.uasset" 206
"../../../../../Users/felix/Documents/GitHub/Informatikprojekt/InformatikProjekt/Content/Informatikprojekt/StarterContent/Particles/Materials/M_radial_ramp.uasset" 207
"../../../../../Users/felix/Documents/GitHub/Informatikprojekt/InformatikProjekt/Content/Informatikprojekt/StarterContent/Textures/T_Smoke_SubUV.uasset" 208
"../../../../../Users/felix/Documents/GitHub/Informatikprojekt/InformatikProjekt/Content/Informatikprojekt/StarterContent/Textures/T_Smoke_Tiled_D.uasset" 209
"../../../../../Users/felix/Documents/GitHub/Informatikprojekt/InformatikProjekt/Content/Informatikprojekt/StarterContent/Particles/Materials/M_smoke_subUV.uasset" 210
"../../../../../Users/felix/Documents/GitHub/Informatikprojekt/InformatikProjekt/Content/Informatikprojekt/StarterContent/Particles/P_Explosion.uasset" 211
"../../../../../Users/felix/Documents/GitHub/Informatikprojekt/InformatikProjekt/Content/Informatikprojekt/StarterContent/Blueprints/Blueprint_Effect_Explosion.uasset" 212
"../../../Engine/Content/Functions/Engine_MaterialFunctions02/Math/TimeWithSpeedVariable.uasset" 213
"../../../Engine/Content/Functions/Engine_MaterialFunctions02/Lerp_Multiple_Float2.uasset" 214
"../../../Engine/Content/Functions/Engine_MaterialFunctions02/ms_PivotPainter2_UnpackIntegerAsFloat.uasset" 215
"../../../Engine/Content/Functions/Engine_MaterialFunctions02/PivotPainter2/ms_PivotPainter2_CalculateMeshElementIndex.uasset" 216
"../../../Engine/Content/Functions/Engine_MaterialFunctions02/PivotPainter2/2dArrayLookupByIndex.uasset" 217
"../../../Engine/Content/Functions/Engine_MaterialFunctions02/PivotPainter2/ms_PivotPainter2_ReturnParentTextureInfo.uasset" 218
"../../../Engine/Content/Functions/Engine_MaterialFunctions02/WorldPositionOffset/ObjectPivotPoint.uasset" 219
"../../../Engine/Content/Functions/Engine_MaterialFunctions02/Utility/VectorLength.uasset" 220
"../../../Engine/Content/Functions/Engine_MaterialFunctions02/WorldPositionOffset/ObjectScale.uasset" 221
"../../../Engine/Content/Functions/Engine_MaterialFunctions02/PivotPainter2/ms_PivotPainter2_DecodeAxisVector.uasset" 222
"../../../Engine/Content/Functions/Engine_MaterialFunctions02/PivotPainter2/ms_PivotPainter2_DecodePostion.uasset" 223
"../../../Engine/Content/Functions/Engine_MaterialFunctions02/ExampleContent/PivotPainter2/PP2_rgb_XVect_a_XExtent.uasset" 224
"../../../Engine/Content/Functions/Engine_MaterialFunctions02/ExampleContent/PivotPainter2/SimpExPivPos.uasset" 225
"../../../../../Users/felix/Documents/GitHub/Informatikprojekt/InformatikProjekt/Content/Informatikprojekt/PN_LowpolyGras/Materials/MaterialFunctions/PN_Bending.uasset" 226
"../../../../../Users/felix/Documents/GitHub/Informatikprojekt/InformatikProjekt/Content/Informatikprojekt/PN_LowpolyGras/Materials/MaterialFunctions/PN_MultiBend.uasset" 227
"../../../Engine/Content/Functions/Engine_MaterialFunctions02/PivotPainter2/ms_PivotPainter2_Decode8BitAlphaAxisExtent.uasset" 228
"../../../../../Users/felix/Documents/GitHub/Informatikprojekt/InformatikProjekt/Content/Informatikprojekt/PN_LowpolyGras/Materials/PN_WindParameters.uasset" 229
"../../../Engine/Content/Functions/Engine_MaterialFunctions02/ExampleContent/PivotPainter2/test2_rgb_PivotPos_a_ParentIndexInt_UV_2.uasset" 230
"../../../Engine/Content/Functions/Engine_MaterialFunctions02/ExampleContent/Textures/WindTurblenceVectorAndGustMagnitude.uasset" 231
"../../../../../Users/felix/Documents/GitHub/Informatikprojekt/InformatikProjekt/Content/Informatikprojekt/PN_LowpolyGras/Materials/MaterialFunctions/PN_WindAnimation.uasset" 232
"../../../../../Users/felix/Documents/GitHub/Informatikprojekt/InformatikProjekt/Content/Informatikprojekt/PN_LowpolyGras/Materials/MaterialFunctions/PN_BendingParameters.uasset" 233
"../../../../../Users/felix/Documents/GitHub/Informatikprojekt/InformatikProjekt/Content/Informatikprojekt/PN_LowpolyGras/Materials/MaterialFunctions/PN_AnimationShader.uasset" 234
"../../../../../Users/felix/Documents/GitHub/Informatikprojekt/InformatikProjekt/Content/Informatikprojekt/PN_LowpolyGras/Materials/MA_lowpolyGrass.uasset" 235
"../../../../../Users/felix/Documents/GitHub/Informatikprojekt/InformatikProjekt/Content/Informatikprojekt/PN_LowpolyGras/Textures/Grass_05/grass_05_brush_05_PIV.uasset" 236
"../../../../../Users/felix/Documents/GitHub/Informatikprojekt/InformatikProjekt/Content/Informatikprojekt/PN_LowpolyGras/Textures/Grass_05/grass_05_brush_05_Vec.uasset" 237
"../../../../../Users/felix/Documents/GitHub/Informatikprojekt/InformatikProjekt/Content/Informatikprojekt/PN_LowpolyGras/ContentExamples/colorExamples/darkBrown_Mat.uasset" 238
"../../../Engine/Content/BasicShapes/Cylinder.uasset" 239
"../../../../../Users/felix/Documents/GitHub/Informatikprojekt/InformatikProjekt/Content/Informatikprojekt/ArtAssets/FirstPerson/Meshes/BaseMaterial.uasset" 240
"../../../../../Users/felix/Documents/GitHub/Informatikprojekt/InformatikProjekt/Content/Informatikprojekt/ArtAssets/FirstPerson/Meshes/FirstPersonProjectileMaterial.uasset" 241
"../../../../../Users/felix/Documents/GitHub/Informatikprojekt/InformatikProjekt/Content/Informatikprojekt/ArtAssets/FirstPerson/Meshes/FirstPersonProjectileMesh.uasset" 242
"../../../../../Users/felix/Documents/GitHub/Informatikprojekt/InformatikProjekt/Content/Informatikprojekt/PlayerAssets/Grenade.uasset" 243
"../../../Engine/Content/Functions/Engine_MaterialFunctions02/Utility/BlendAngleCorrectedNormals.uasset" 244
"../../../Engine/Content/Functions/MaterialLayerFunctions/MatLayerBlend_NormalBlend.uasset" 245
"../../../Engine/Content/Functions/MaterialLayerFunctions/MatLayerBlend_Simple.uasset" 246
"../../../../../Users/felix/Documents/GitHub/Informatikprojekt/InformatikProjekt/Content/Informatikprojekt/ArtAssets/FirstPerson/Character/Materials/MaterialLayers/T_ML_Rubber_Blue_01_D.uasset" 247
"../../../../../Users/felix/Documents/GitHub/Informatikprojekt/InformatikProjekt/Content/Informatikprojekt/ArtAssets/FirstPerson/Character/Materials/MaterialLayers/T_ML_Rubber_Blue_01_N.uasset" 248
"../../../../../Users/felix/Documents/GitHub/Informatikprojekt/InformatikProjekt/Content/Informatikprojekt/ArtAssets/FirstPerson/Character/Materials/MaterialLayers/ML_GlossyBlack_Latex_UE4.uasset" 249
"../../../../../Users/felix/Documents/GitHub/Informatikprojekt/InformatikProjekt/Content/Informatikprojekt/ArtAssets/FirstPerson/Character/Materials/MaterialLayers/ML_Plastic_Shiny_Beige.uasset" 250
"../../../../../Users/felix/Documents/GitHub/Informatikprojekt/InformatikProjekt/Content/Informatikprojekt/ArtAssets/FirstPerson/Character/Textures/UE4_LOGO_CARD.uasset" 251
"../../../../../Users/felix/Documents/GitHub/Informatikprojekt/InformatikProjekt/Content/Informatikprojekt/ArtAssets/FirstPerson/Character/Materials/MaterialLayers/ML_Plastic_Shiny_Beige_LOGO.uasset" 252
"../../../../../Users/felix/Documents/GitHub/Informatikprojekt/InformatikProjekt/Content/Informatikprojekt/ArtAssets/FirstPerson/Character/Materials/MaterialLayers/T_ML_Aluminum01.uasset" 253
"../../../../../Users/felix/Documents/GitHub/Informatikprojekt/InformatikProjekt/Content/Informatikprojekt/ArtAssets/FirstPerson/Character/Materials/MaterialLayers/T_ML_Aluminum01_N.uasset" 254
"../../../../../Users/felix/Documents/GitHub/Informatikprojekt/InformatikProjekt/Content/Informatikprojekt/ArtAssets/FirstPerson/Character/Materials/MaterialLayers/ML_SoftMetal_UE4.uasset" 255
"../../../../../Users/felix/Documents/GitHub/Informatikprojekt/InformatikProjekt/Content/Informatikprojekt/ArtAssets/FirstPerson/Character/Textures/UE4_Mannequin__normals.uasset" 256
"../../../../../Users/felix/Documents/GitHub/Informatikprojekt/InformatikProjekt/Content/Informatikprojekt/ArtAssets/FirstPerson/Character/Textures/UE4_Mannequin_MAT_MASKA.uasset" 257
"../../../../../Users/felix/Documents/GitHub/Informatikprojekt/InformatikProjekt/Content/Informatikprojekt/ArtAssets/FirstPerson/Character/Materials/M_UE4Man_Body.uasset" 258
"../../../../../Users/felix/Documents/GitHub/Informatikprojekt/InformatikProjekt/Content/Informatikprojekt/ArtAssets/FirstPerson/Character/Mesh/SK_Mannequin_Arms_PhysicsAsset.uasset" 259
"../../../../../Users/felix/Documents/GitHub/Informatikprojekt/InformatikProjekt/Content/Informatikprojekt/ArtAssets/FirstPerson/Character/Mesh/SK_Mannequin_Arms.uasset" 260
"../../../../../Users/felix/Documents/GitHub/Informatikprojekt/InformatikProjekt/Content/Informatikprojekt/HudElements/InGame/DarkSoulsDeath.uasset" 261
"../../../../../Users/felix/Documents/GitHub/Informatikprojekt/InformatikProjekt/Content/Informatikprojekt/HudElements/InGame/DeathScreen.uasset" 262
"../../../../../Users/felix/Documents/GitHub/Informatikprojekt/InformatikProjekt/Content/Informatikprojekt/HudElements/InGame/AmmoCounter.uasset" 263
"../../../../../Users/felix/Documents/GitHub/Informatikprojekt/InformatikProjekt/Content/Informatikprojekt/HudElements/InGame/HealthBar.uasset" 264
"../../../../../Users/felix/Documents/GitHub/Informatikprojekt/InformatikProjekt/Content/Informatikprojekt/HudElements/InGame/WaveCounter.uasset" 265
"../../../../../Users/felix/Documents/GitHub/Informatikprojekt/InformatikProjekt/Content/Informatikprojekt/HudElements/InGame/MainHUD.uasset" 266
"../../../../../Users/felix/Documents/GitHub/Informatikprojekt/InformatikProjekt/Content/Informatikprojekt/HudElements/redscreen.uasset" 267
"../../../../../Users/felix/Documents/GitHub/Informatikprojekt/InformatikProjekt/Content/Informatikprojekt/HudElements/RedFlash.uasset" 268
"../../../../../Users/felix/Documents/GitHub/Informatikprojekt/InformatikProjekt/Content/Informatikprojekt/Sounds/LauncherOpen.uasset" 269
"../../../../../Users/felix/Documents/GitHub/Informatikprojekt/InformatikProjekt/Content/Informatikprojekt/Sounds/LauncherRack.uasset" 270
"../../../../../Users/felix/Documents/GitHub/Informatikprojekt/InformatikProjekt/Content/Informatikprojekt/Sounds/LauncherShot.uasset" 271
"../../../../../Users/felix/Documents/GitHub/Informatikprojekt/InformatikProjekt/Content/Informatikprojekt/Sounds/ShellGrab.uasset" 272
"../../../../../Users/felix/Documents/GitHub/Informatikprojekt/InformatikProjekt/Content/Informatikprojekt/Sounds/ShellLoad.uasset" 273
"../../../../../Users/felix/Documents/GitHub/Informatikprojekt/InformatikProjekt/Content/Informatikprojekt/Sounds/YouDied.uasset" 274
"../../../../../Users/felix/Documents/GitHub/Informatikprojekt/InformatikProjekt/Content/Informatikprojekt/PlayerAssets/FPPCharacter.uasset" 275
"../../../../../Users/felix/Documents/GitHub/Informatikprojekt/InformatikProjekt/Content/Informatikprojekt/PlayerAssets/FPPController.uasset" 276
"../../../../../Users/felix/Documents/GitHub/Informatikprojekt/InformatikProjekt/Content/Informatikprojekt/ZombieFramework/ZombieAnim/Zombie_Skeleton.uasset" 277
"../../../../../Users/felix/Documents/GitHub/Informatikprojekt/InformatikProjekt/Content/Informatikprojekt/ZombieFramework/ZombieAnim/Zombie_Anim_Zombie_ZombieBite.uasset" 278
"../../../../../Users/felix/Documents/GitHub/Informatikprojekt/InformatikProjekt/Content/Informatikprojekt/ZombieFramework/ZombieAnim/Zombie_Anim_Zombie_ZombieIdle.uasset" 279
"../../../../../Users/felix/Documents/GitHub/Informatikprojekt/InformatikProjekt/Content/Informatikprojekt/ZombieFramework/ZombieAnim/Zombie_Anim_Zombie_ZombieRun.uasset" 280
"../../../../../Users/felix/Documents/GitHub/Informatikprojekt/InformatikProjekt/Content/Informatikprojekt/ZombieFramework/ZombieAnim/WalkRunIdleBlend.uasset" 281
"../../../../../Users/felix/Documents/GitHub/Informatikprojekt/InformatikProjekt/Content/Informatikprojekt/ZombieFramework/ZombieAnim/Zombie_Skeleton_AnimBlueprint.uasset" 282
"../../../../../Users/felix/Documents/GitHub/Informatikprojekt/InformatikProjekt/Content/Informatikprojekt/ArtAssets/AmmoCrate/Ammo_box_Albedo.uasset" 283
"../../../../../Users/felix/Documents/GitHub/Informatikprojekt/InformatikProjekt/Content/Informatikprojekt/ArtAssets/AmmoCrate/Ammo_box_Emission.uasset" 284
"../../../../../Users/felix/Documents/GitHub/Informatikprojekt/InformatikProjekt/Content/Informatikprojekt/ArtAssets/AmmoCrate/Ammo_box_Metallic.uasset" 285
"../../../../../Users/felix/Documents/GitHub/Informatikprojekt/InformatikProjekt/Content/Informatikprojekt/ArtAssets/AmmoCrate/Ammo_box_Occlusion.uasset" 286
"../../../../../Users/felix/Documents/GitHub/Informatikprojekt/InformatikProjekt/Content/Informatikprojekt/ArtAssets/AmmoCrate/Ammo_box_Roughness.uasset" 287
"../../../../../Users/felix/Documents/GitHub/Informatikprojekt/InformatikProjekt/Content/Informatikprojekt/ArtAssets/AmmoCrate/M_AmmoCrate.uasset" 288
"../../../../../Users/felix/Documents/GitHub/Informatikprojekt/InformatikProjekt/Content/Informatikprojekt/ArtAssets/AmmoCrate/Ammo_Crate.uasset" 289
"../../../../../Users/felix/Documents/GitHub/Informatikprojekt/InformatikProjekt/Content/Informatikprojekt/HudElements/whitescreen.uasset" 290
"../../../../../Users/felix/Documents/GitHub/Informatikprojekt/InformatikProjekt/Content/Informatikprojekt/HudElements/WhiteFlash.uasset" 291
"../../../../../Users/felix/Documents/GitHub/Informatikprojekt/InformatikProjekt/Content/Informatikprojekt/Sounds/dswpnup.uasset" 292
"../../../../../Users/felix/Documents/GitHub/Informatikprojekt/InformatikProjekt/Content/Informatikprojekt/PlayerAssets/AmmoPickupPhysics.uasset" 293
"../../../../../Users/felix/Documents/GitHub/Informatikprojekt/InformatikProjekt/Content/Informatikprojekt/ZombieFramework/ZombieAnim/ZombieTexture3.uasset" 294
"../../../../../Users/felix/Documents/GitHub/Informatikprojekt/InformatikProjekt/Content/Informatikprojekt/ZombieFramework/ZombieAnim/ZombieMat3.uasset" 295
"../../../../../Users/felix/Documents/GitHub/Informatikprojekt/InformatikProjekt/Content/Informatikprojekt/Sounds/Zombie1.uasset" 296
"../../../../../Users/felix/Documents/GitHub/Informatikprojekt/InformatikProjekt/Content/Informatikprojekt/Sounds/Zombie2.uasset" 297
"../../../../../Users/felix/Documents/GitHub/Informatikprojekt/InformatikProjekt/Content/Informatikprojekt/Sounds/Zombie3.uasset" 298
"../../../../../Users/felix/Documents/GitHub/Informatikprojekt/InformatikProjekt/Content/Informatikprojekt/ZombieFramework/ZombieAnim/ZombieTexture.uasset" 299
"../../../../../Users/felix/Documents/GitHub/Informatikprojekt/InformatikProjekt/Content/Informatikprojekt/ZombieFramework/ZombieAnim/ZombieMat.uasset" 300
"../../../../../Users/felix/Documents/GitHub/Informatikprojekt/InformatikProjekt/Content/Informatikprojekt/ZombieFramework/ZombieAnim/Zombie_PhysicsAsset.uasset" 301
"../../../../../Users/felix/Documents/GitHub/Informatikprojekt/InformatikProjekt/Content/Informatikprojekt/ZombieFramework/ZombieAnim/SK_Zombie.uasset" 302
"../../../../../Users/felix/Documents/GitHub/Informatikprojekt/InformatikProjekt/Content/Informatikprojekt/ZombieFramework/NPC_Zombie.uasset" 303
"../../../../../Users/felix/Documents/GitHub/Informatikprojekt/InformatikProjekt/Content/Informatikprojekt/HudElements/InGame/IntermissionWidget.uasset" 304
"../../../../../Users/felix/Documents/GitHub/Informatikprojekt/InformatikProjekt/Content/Informatikprojekt/Sounds/OFDemons.uasset" 305
"../../../../../Users/felix/Documents/GitHub/Informatikprojekt/InformatikProjekt/Content/Informatikprojekt/FPPWaveMode.uasset" 306
"../../../../../Users/felix/Documents/GitHub/Informatikprojekt/InformatikProjekt/Content/Informatikprojekt/PlayerAssets/AmmoPickupFloating.uasset" 307
"../../../../../Users/felix/Documents/GitHub/Informatikprojekt/InformatikProjekt/Content/Geometry/Meshes/CubeMaterial.uasset" 308
"../../../../../Users/felix/Documents/GitHub/Informatikprojekt/InformatikProjekt/Content/Geometry/Meshes/1M_Cube.uasset" 309
"../../../../../Users/felix/Documents/GitHub/Informatikprojekt/InformatikProjekt/Content/Informatikprojekt/Testobjekte/PhysTest.uasset" 310
"../../../Engine/Content/BasicShapes/BasicShapeMaterial.uasset" 311
"../../../Engine/Content/BasicShapes/Sphere.uasset" 312
"../../../../../Users/felix/Documents/GitHub/Informatikprojekt/InformatikProjekt/Content/Informatikprojekt/ZombieFramework/ZombieSpawnPoint.uasset" 313
"../../../../../Users/felix/Documents/GitHub/Informatikprojekt/InformatikProjekt/Content/Informatikprojekt/Maps/DebugMap_BuiltData.uasset" 314
"../../../Engine/Content/Functions/Engine_MaterialFunctions03/Procedurals/ComputeFilterWidth.uasset" 315
"../../../Engine/Content/EngineMaterials/AntiAliasedTextMaterialTranslucent.uasset" 316
"../../../../../Users/felix/Documents/GitHub/Informatikprojekt/InformatikProjekt/Content/Informatikprojekt/StarterContent/Audio/Starter_Birds01.uasset" 317
"../../../../../Users/felix/Documents/GitHub/Informatikprojekt/InformatikProjekt/Content/Informatikprojekt/StarterContent/Audio/Starter_Wind05.uasset" 318
"../../../../../Users/felix/Documents/GitHub/Informatikprojekt/InformatikProjekt/Content/Informatikprojekt/StarterContent/Audio/Starter_Wind06.uasset" 319
"../../../../../Users/felix/Documents/GitHub/Informatikprojekt/InformatikProjekt/Content/Informatikprojekt/StarterContent/Audio/Starter_Background_Cue.uasset" 320
"../../../../../Users/felix/Documents/GitHub/Informatikprojekt/InformatikProjekt/Content/Informatikprojekt/Maps/DebugMap.umap" 321
"../../../../../Users/felix/Documents/GitHub/Informatikprojekt/InformatikProjekt/Content/Informatikprojekt/ArtAssets/FarmObjects/Brown.uasset" 322
"../../../../../Users/felix/Documents/GitHub/Informatikprojekt/InformatikProjekt/Content/Informatikprojekt/ArtAssets/FarmObjects/Grey.uasset" 323
"../../../../../Users/felix/Documents/GitHub/Informatikprojekt/InformatikProjekt/Content/Informatikprojekt/ArtAssets/FarmObjects/Windmill_Windmill_Blades.uasset" 324
"../../../../../Users/felix/Documents/GitHub/Informatikprojekt/InformatikProjekt/Content/Informatikprojekt/ArtAssets/FarmObjects/RotatingWindmillBlade.uasset" 325
"../../../../../Users/felix/Documents/GitHub/Informatikprojekt/InformatikProjekt/Content/Informatikprojekt/PN_LowpolyGras/Blueprints/PN_Bending_Component.uasset" 326
"../../../../../Users/felix/Documents/GitHub/Informatikprojekt/InformatikProjekt/Content/Informatikprojekt/PN_LowpolyGras/Blueprints/PN_GlobalUpdater.uasset" 327
"../../../../../Users/felix/Documents/GitHub/Informatikprojekt/InformatikProjekt/Content/Informatikprojekt/PN_LowpolyGras/ContentExamples/colorExamples/brightBrown_Mat.uasset" 328
"../../../../../Users/felix/Documents/GitHub/Informatikprojekt/InformatikProjekt/Content/Informatikprojekt/PN_LowpolyGras/ContentExamples/colorExamples/brightBrown_Mesh.uasset" 329
"../../../../../Users/felix/Documents/GitHub/Informatikprojekt/InformatikProjekt/Content/Informatikprojekt/PN_LowpolyGras/ContentExamples/colorExamples/brightBrown_Foilage.uasset" 330
"../../../../../Users/felix/Documents/GitHub/Informatikprojekt/InformatikProjekt/Content/Informatikprojekt/PN_LowpolyGras/ContentExamples/colorExamples/darkBrown_Mesh.uasset" 331
"../../../../../Users/felix/Documents/GitHub/Informatikprojekt/InformatikProjekt/Content/Informatikprojekt/PN_LowpolyGras/ContentExamples/colorExamples/darkBrown_Foilage.uasset" 332
"../../../../../Users/felix/Documents/GitHub/Informatikprojekt/InformatikProjekt/Content/Informatikprojekt/Maps/Resources/MapAssets/Dirt_LayerInfo.uasset" 333
"../../../../../Users/felix/Documents/GitHub/Informatikprojekt/InformatikProjekt/Content/Informatikprojekt/Maps/Resources/MapAssets/DryGrass_LayerInfo.uasset" 334
"../../../../../Users/felix/Documents/GitHub/Informatikprojekt/InformatikProjekt/Content/Informatikprojekt/Maps/Resources/MapAssets/Rocks_LayerInfo.uasset" 335
"../../../../../Users/felix/Documents/GitHub/Informatikprojekt/InformatikProjekt/Content/Informatikprojekt/Maps/Resources/MapAssets/Sand_LayerInfo.uasset" 336
"../../../../../Users/felix/Documents/GitHub/Informatikprojekt/InformatikProjekt/Content/Informatikprojekt/Maps/Level1_BuiltData.uasset" 337
"../../../Engine/Content/EngineMaterials/WeightMapPlaceholderTexture.uasset" 338
"../../../../../Users/felix/Documents/GitHub/Informatikprojekt/InformatikProjekt/Content/Informatikprojekt/Maps/Resources/MapMaterials/Sand.uasset" 339
"../../../Engine/Content/EngineMaterials/DefaultPhysicalMaterial.uasset" 340
"../../../../../Users/felix/Documents/GitHub/Informatikprojekt/InformatikProjekt/Content/Informatikprojekt/ArtAssets/FarmObjects/DarkRed.uasset" 341
"../../../../../Users/felix/Documents/GitHub/Informatikprojekt/InformatikProjekt/Content/Informatikprojekt/ArtAssets/FarmObjects/LightRed.uasset" 342
"../../../../../Users/felix/Documents/GitHub/Informatikprojekt/InformatikProjekt/Content/Informatikprojekt/ArtAssets/FarmObjects/RoofBlack.uasset" 343
"../../../../../Users/felix/Documents/GitHub/Informatikprojekt/InformatikProjekt/Content/Informatikprojekt/ArtAssets/FarmObjects/White.uasset" 344
"../../../../../Users/felix/Documents/GitHub/Informatikprojekt/InformatikProjekt/Content/Informatikprojekt/ArtAssets/FarmObjects/Barn_Barn.uasset" 345
"../../../../../Users/felix/Documents/GitHub/Informatikprojekt/InformatikProjekt/Content/Informatikprojekt/ArtAssets/FarmObjects/BigBarn_BigBarn.uasset" 346
"../../../../../Users/felix/Documents/GitHub/Informatikprojekt/InformatikProjekt/Content/Informatikprojekt/ArtAssets/FarmObjects/BigBarn_BigBarn_Door.uasset" 347
"../../../../../Users/felix/Documents/GitHub/Informatikprojekt/InformatikProjekt/Content/Informatikprojekt/ArtAssets/FarmObjects/BigBarn_BigBarn_Door2.uasset" 348
"../../../../../Users/felix/Documents/GitHub/Informatikprojekt/InformatikProjekt/Content/Informatikprojekt/ArtAssets/FarmObjects/BigBarn_BigBarn_Window.uasset" 349
"../../../../../Users/felix/Documents/GitHub/Informatikprojekt/InformatikProjekt/Content/Informatikprojekt/ArtAssets/FarmObjects/BigBarn_BigBarn_Window2.uasset" 350
"../../../../../Users/felix/Documents/GitHub/Informatikprojekt/InformatikProjekt/Content/Informatikprojekt/ArtAssets/FarmObjects/ChickenCoop_ChickenCoop.uasset" 351
"../../../../../Users/felix/Documents/GitHub/Informatikprojekt/InformatikProjekt/Content/Informatikprojekt/ArtAssets/FarmObjects/Fence_Fence.uasset" 352
"../../../../../Users/felix/Documents/GitHub/Informatikprojekt/InformatikProjekt/Content/Informatikprojekt/ArtAssets/FarmObjects/Silo.uasset" 353
"../../../../../Users/felix/Documents/GitHub/Informatikprojekt/InformatikProjekt/Content/Informatikprojekt/ArtAssets/FarmObjects/Black.uasset" 354
"../../../../../Users/felix/Documents/GitHub/Informatikprojekt/InformatikProjekt/Content/Informatikprojekt/ArtAssets/FarmObjects/DarkGrey.uasset" 355
"../../../../../Users/felix/Documents/GitHub/Informatikprojekt/InformatikProjekt/Content/Informatikprojekt/ArtAssets/FarmObjects/Silo_House.uasset" 356
"../../../../../Users/felix/Documents/GitHub/Informatikprojekt/InformatikProjekt/Content/Informatikprojekt/ArtAssets/FarmObjects/SmallBarn_Small_Barn.uasset" 357
"../../../../../Users/felix/Documents/GitHub/Informatikprojekt/InformatikProjekt/Content/Informatikprojekt/ArtAssets/FarmObjects/SmallBarn_SmallBarn_Window.uasset" 358
"../../../../../Users/felix/Documents/GitHub/Informatikprojekt/InformatikProjekt/Content/Informatikprojekt/ArtAssets/FarmObjects/SmallBarn_SmallBarn_Window2.uasset" 359
"../../../../../Users/felix/Documents/GitHub/Informatikprojekt/InformatikProjekt/Content/Informatikprojekt/ArtAssets/FarmObjects/WaterTower_WaterTower.uasset" 360
"../../../../../Users/felix/Documents/GitHub/Informatikprojekt/InformatikProjekt/Content/Informatikprojekt/ArtAssets/FarmObjects/Well_Well.uasset" 361
"../../../../../Users/felix/Documents/GitHub/Informatikprojekt/InformatikProjekt/Content/Informatikprojekt/ArtAssets/FarmObjects/Windmill_Windmill.uasset" 362
"../../../../../Users/felix/Documents/GitHub/Informatikprojekt/InformatikProjekt/Content/Informatikprojekt/ArtAssets/TerrainObjects/Green.uasset" 363
"../../../../../Users/felix/Documents/GitHub/Informatikprojekt/InformatikProjekt/Content/Informatikprojekt/ArtAssets/TerrainObjects/Bush_1.uasset" 364
"../../../../../Users/felix/Documents/GitHub/Informatikprojekt/InformatikProjekt/Content/Informatikprojekt/ArtAssets/TerrainObjects/CactusFlower_1.uasset" 365
"../../../../../Users/felix/Documents/GitHub/Informatikprojekt/InformatikProjekt/Content/Informatikprojekt/ArtAssets/TerrainObjects/Wood.uasset" 366
"../../../../../Users/felix/Documents/GitHub/Informatikprojekt/InformatikProjekt/Content/Informatikprojekt/ArtAssets/TerrainObjects/CommonTree_1.uasset" 367
"../../../../../Users/felix/Documents/GitHub/Informatikprojekt/InformatikProjekt/Content/Informatikprojekt/ArtAssets/TerrainObjects/CommonTree_2.uasset" 368
"../../../../../Users/felix/Documents/GitHub/Informatikprojekt/InformatikProjekt/Content/Informatikprojekt/ArtAssets/TerrainObjects/DarkGreen.uasset" 369
"../../../../../Users/felix/Documents/GitHub/Informatikprojekt/InformatikProjekt/Content/Informatikprojekt/ArtAssets/TerrainObjects/CommonTree_3.uasset" 370
"../../../../../Users/felix/Documents/GitHub/Informatikprojekt/InformatikProjekt/Content/Informatikprojekt/ArtAssets/TerrainObjects/CommonTree_4.uasset" 371
"../../../../../Users/felix/Documents/GitHub/Informatikprojekt/InformatikProjekt/Content/Informatikprojekt/ArtAssets/TerrainObjects/CommonTree_5.uasset" 372
"../../../../../Users/felix/Documents/GitHub/Informatikprojekt/InformatikProjekt/Content/Informatikprojekt/ArtAssets/TerrainObjects/Orange.uasset" 373
"../../../../../Users/felix/Documents/GitHub/Informatikprojekt/InformatikProjekt/Content/Informatikprojekt/ArtAssets/TerrainObjects/CommonTree_Autumn_1.uasset" 374
"../../../../../Users/felix/Documents/GitHub/Informatikprojekt/InformatikProjekt/Content/Informatikprojekt/ArtAssets/TerrainObjects/LightOrange.uasset" 375
"../../../../../Users/felix/Documents/GitHub/Informatikprojekt/InformatikProjekt/Content/Informatikprojekt/ArtAssets/TerrainObjects/CommonTree_Autumn_3.uasset" 376
"../../../../../Users/felix/Documents/GitHub/Informatikprojekt/InformatikProjekt/Content/Informatikprojekt/ArtAssets/TerrainObjects/CommonTree_Autumn_4.uasset" 377
"../../../../../Users/felix/Documents/GitHub/Informatikprojekt/InformatikProjekt/Content/Informatikprojekt/ArtAssets/TerrainObjects/CommonTree_Autumn_5.uasset" 378
"../../../../../Users/felix/Documents/GitHub/Informatikprojekt/InformatikProjekt/Content/Informatikprojekt/ArtAssets/TerrainObjects/Corn_1.uasset" 379
"../../../../../Users/felix/Documents/GitHub/Informatikprojekt/InformatikProjekt/Content/Informatikprojekt/ArtAssets/TerrainObjects/Yellow.uasset" 380
"../../../../../Users/felix/Documents/GitHub/Informatikprojekt/InformatikProjekt/Content/Informatikprojekt/ArtAssets/TerrainObjects/Corn_2.uasset" 381
"../../../../../Users/felix/Documents/GitHub/Informatikprojekt/InformatikProjekt/Content/Informatikprojekt/ArtAssets/TerrainObjects/Plant_3.uasset" 382
"../../../../../Users/felix/Documents/GitHub/Informatikprojekt/InformatikProjekt/Content/Informatikprojekt/ArtAssets/TerrainObjects/Rock.uasset" 383
"../../../../../Users/felix/Documents/GitHub/Informatikprojekt/InformatikProjekt/Content/Informatikprojekt/ArtAssets/TerrainObjects/Rock_1.uasset" 384
"../../../../../Users/felix/Documents/GitHub/Informatikprojekt/InformatikProjekt/Content/Informatikprojekt/ArtAssets/TerrainObjects/Rock_2.uasset" 385
"../../../../../Users/felix/Documents/GitHub/Informatikprojekt/InformatikProjekt/Content/Informatikprojekt/ArtAssets/TerrainObjects/Rock_3.uasset" 386
"../../../../../Users/felix/Documents/GitHub/Informatikprojekt/InformatikProjekt/Content/Informatikprojekt/ArtAssets/TerrainObjects/Rock_5.uasset" 387
"../../../../../Users/felix/Documents/GitHub/Informatikprojekt/InformatikProjekt/Content/Informatikprojekt/ArtAssets/TerrainObjects/Rock_6.uasset" 388
"../../../../../Users/felix/Documents/GitHub/Informatikprojekt/InformatikProjekt/Content/Informatikprojekt/ArtAssets/TerrainObjects/Rock_7.uasset" 389
"../../../../../Users/felix/Documents/GitHub/Informatikprojekt/InformatikProjekt/Content/Informatikprojekt/ArtAssets/TerrainObjects/Snow.uasset" 390
"../../../../../Users/felix/Documents/GitHub/Informatikprojekt/InformatikProjekt/Content/Informatikprojekt/ArtAssets/TerrainObjects/Rock_Snow_5.uasset" 391
"../../../../../Users/felix/Documents/GitHub/Informatikprojekt/InformatikProjekt/Content/Informatikprojekt/ArtAssets/TerrainObjects/Rock_Snow_6.uasset" 392
"../../../../../Users/felix/Documents/GitHub/Informatikprojekt/InformatikProjekt/Content/Informatikprojekt/ArtAssets/TerrainObjects/LightWood.uasset" 393
"../../../../../Users/felix/Documents/GitHub/Informatikprojekt/InformatikProjekt/Content/Informatikprojekt/ArtAssets/TerrainObjects/TreeStump.uasset" 394
"../../../../../Users/felix/Documents/GitHub/Informatikprojekt/InformatikProjekt/Content/Informatikprojekt/ArtAssets/TerrainObjects/Mushroom_Bottom.uasset" 395
"../../../../../Users/felix/Documents/GitHub/Informatikprojekt/InformatikProjekt/Content/Informatikprojekt/ArtAssets/TerrainObjects/Mushroom_Top.uasset" 396
"../../../../../Users/felix/Documents/GitHub/Informatikprojekt/InformatikProjekt/Content/Informatikprojekt/ArtAssets/TerrainObjects/WoodLog.uasset" 397
"../../../../../Users/felix/Documents/GitHub/Informatikprojekt/InformatikProjekt/Content/Informatikprojekt/HudElements/BlackScreen.uasset" 398
"../../../../../Users/felix/Documents/GitHub/Informatikprojekt/InformatikProjekt/Content/Informatikprojekt/HudElements/BlackFadeOut.uasset" 399
"../../../../../Users/felix/Documents/GitHub/Informatikprojekt/InformatikProjekt/Content/Informatikprojekt/Maps/Level1.umap" 400
"../../../../../Users/felix/Documents/GitHub/Informatikprojekt/InformatikProjekt/Content/Informatikprojekt/HudElements/BlackFadeIn.uasset" 401
"../../../../../Users/felix/Documents/GitHub/Informatikprojekt/InformatikProjekt/Content/Informatikprojekt/HudElements/MainMenu/MainMenuInfoPage.uasset" 402
"../../../../../Users/felix/Documents/GitHub/Informatikprojekt/InformatikProjekt/Content/Informatikprojekt/HudElements/MainMenu/MainMenuMainWidget.uasset" 403
"../../../../../Users/felix/Documents/GitHub/Informatikprojekt/InformatikProjekt/Content/Informatikprojekt/PlayerAssets/MousePlayerController.uasset" 404
"../../../../../Users/felix/Documents/GitHub/Informatikprojekt/InformatikProjekt/Content/Informatikprojekt/MainMenuMode.uasset" 405
"../../../../../Users/felix/Documents/GitHub/Informatikprojekt/InformatikProjekt/Content/Informatikprojekt/Maps/MainMenu_BuiltData.uasset" 406
"../../../../../Users/felix/Documents/GitHub/Informatikprojekt/InformatikProjekt/Content/Informatikprojekt/Maps/MainMenu.umap" 407
"../../../Engine/Content/Maps/Entry_BuiltData.uasset" 408
"../../../Engine/Content/Maps/Entry.umap" 409
